Start testing: Feb 12 14:23 中国标准时间
----------------------------------------------------------
1/1 Testing: test_add
1/1 Test: test_add
Command: "D:/msys64/home/admin/repo/gitflow_test/build/tests/test_add.exe"
Directory: D:/msys64/home/admin/repo/gitflow_test/build
"test_add" start time: Feb 12 14:23 中国标准时间
Output:
----------------------------------------------------------
D:/msys64/home/admin/repo/gitflow_test/tests/test_add.c:20:test_add:PASS

-----------------------
1 Tests 0 Failures 0 Ignored 
OK
<end of output>
Test time =   0.16 sec
----------------------------------------------------------
Test Passed.
"test_add" end time: Feb 12 14:23 中国标准时间
"test_add" time elapsed: 00:00:00
----------------------------------------------------------

End testing: Feb 12 14:23 中国标准时间
